mmap(NULL, 8192, PROT_READ|PROT_WRITE, MAP_PRIVATE|MAP_ANONYMOUS, -1, 0) = 0x7df9034e0000
openat(AT_FDCWD, "/etc/ld.so.cache", O_RDONLY|O_CLOEXEC) = 3
mmap(NULL, 60975, PROT_READ, MAP_PRIVATE, 3, 0) = 0x7df9034d1000
openat(AT_FDCWD, "/lib/x86_64-linux-gnu/libc.so.6", O_RDONLY|O_CLOEXEC) = 3
read(3, "\177ELF\2\1\1\3\0\0\0\0\0\0\0\0\3\0>\0\1\0\0\0P\237\2\0\0\0\0\0"..., 832) = 832
mmap(NULL, 2264656, PROT_READ, MAP_PRIVATE|MAP_DENYWRITE, 3, 0) = 0x7df903200000
mmap(0x7df903228000, 1658880, PROT_READ|PROT_EXEC, MAP_PRIVATE|MAP_FIXED|MAP_DENYWRITE, 3, 0x28000) = 0x7df903228000
mmap(0x7df9033bd000, 360448, PROT_READ, MAP_PRIVATE|MAP_FIXED|MAP_DENYWRITE, 3, 0x1bd000) = 0x7df9033bd000
mmap(0x7df903416000, 24576, PROT_READ|PROT_WRITE, MAP_PRIVATE|MAP_FIXED|MAP_DENYWRITE, 3, 0x215000) = 0x7df903416000
mmap(0x7df90341c000, 52816, PROT_READ|PROT_WRITE, MAP_PRIVATE|MAP_FIXED|MAP_ANONYMOUS, -1, 0) = 0x7df90341c000
mmap(NULL, 12288, PROT_READ|PROT_WRITE, MAP_PRIVATE|MAP_ANONYMOUS, -1, 0) = 0x7df9034ce000
openat(AT_FDCWD, "fisier.txt", O_WRONLY) = 3
openat(AT_FDCWD, "REQ_PIPE_84889", O_RDONLY) = 4
openat(AT_FDCWD, "RESP_PIPE_84889", O_WRONLY) = 5
read(4, "C", 1)                         = 1
read(4, "R", 1)                         = 1
read(4, "E", 1)                         = 1
read(4, "A", 1)                         = 1
read(4, "T", 1)                         = 1
read(4, "E", 1)                         = 1
read(4, "_", 1)                         = 1
read(4, "S", 1)                         = 1
read(4, "H", 1)                         = 1
read(4, "M", 1)                         = 1
read(4, "!", 1)                         = 1
read(4, "\374\206D\0", 4)               = 4
openat(AT_FDCWD, "/dev/shm/EeQcHf", O_RDWR|O_CREAT|O_NOFOLLOW|O_CLOEXEC, 0644) = 6
read(4, "M", 1)                         = 1
read(4, "A", 1)                         = 1
read(4, "P", 1)                         = 1
read(4, "_", 1)                         = 1
read(4, "F", 1)                         = 1
read(4, "I", 1)                         = 1
read(4, "L", 1)                         = 1
read(4, "E", 1)                         = 1
read(4, "!", 1)                         = 1
read(4, "t", 1)                         = 1
read(4, "e", 1)                         = 1
read(4, "s", 1)                         = 1
read(4, "t", 1)                         = 1
read(4, "_", 1)                         = 1
read(4, "r", 1)                         = 1
read(4, "o", 1)                         = 1
read(4, "o", 1)                         = 1
read(4, "t", 1)                         = 1
read(4, "/", 1)                         = 1
read(4, "a", 1)                         = 1
read(4, "c", 1)                         = 1
read(4, "K", 1)                         = 1
read(4, "9", 1)                         = 1
read(4, "G", 1)                         = 1
read(4, "7", 1)                         = 1
read(4, "J", 1)                         = 1
read(4, "Q", 1)                         = 1
read(4, "u", 1)                         = 1
read(4, "2", 1)                         = 1
read(4, ".", 1)                         = 1
read(4, "O", 1)                         = 1
read(4, "i", 1)                         = 1
read(4, "u", 1)                         = 1
read(4, "!", 1)                         = 1
openat(AT_FDCWD, "test_root/acK9G7JQu2.Oiu", O_RDONLY) = 7
mmap(NULL, 47427, PROT_READ, MAP_PRIVATE, 7, 0) = 0x7df9034d4000
read(4, "R", 1)                         = 1
read(4, "E", 1)                         = 1
read(4, "A", 1)                         = 1
read(4, "D", 1)                         = 1
read(4, "_", 1)                         = 1
read(4, "F", 1)                         = 1
read(4, "R", 1)                         = 1
read(4, "O", 1)                         = 1
read(4, "M", 1)                         = 1
read(4, "_", 1)                         = 1
read(4, "L", 1)                         = 1
read(4, "O", 1)                         = 1
read(4, "G", 1)                         = 1
read(4, "I", 1)                         = 1
read(4, "C", 1)                         = 1
read(4, "A", 1)                         = 1
read(4, "L", 1)                         = 1
read(4, "_", 1)                         = 1
read(4, "S", 1)                         = 1
read(4, "P", 1)                         = 1
read(4, "A", 1)                         = 1
read(4, "C", 1)                         = 1
read(4, "E", 1)                         = 1
read(4, "_", 1)                         = 1
read(4, "O", 1)                         = 1
read(4, "F", 1)                         = 1
read(4, "F", 1)                         = 1
read(4, "S", 1)                         = 1
read(4, "E", 1)                         = 1
read(4, "T", 1)                         = 1
read(4, "!", 1)                         = 1
+++ exited with 0 +++
